<?xml version="1.0" encoding="UTF-8"?>
<testng-results skipped="0" failed="0" ignored="0" total="2" passed="2">
  <reporter-output>
  </reporter-output>
  <suite name="Default suite" duration-ms="137" started-at="2020-08-06T05:29:49Z" finished-at="2020-08-06T05:29:49Z">
    <groups>
    </groups>
    <test name="Default test" duration-ms="137" started-at="2020-08-06T05:29:49Z" finished-at="2020-08-06T05:29:49Z">
      <class name="com.kesav.TestNg.Demo1">
        <test-method status="PASS" signature="Demo()[pri:0, instance:com.kesav.TestNg.Demo1@59fa1d9b]" name="Demo" duration-ms="38" started-at="2020-08-06T05:29:49Z" finished-at="2020-08-06T05:29:49Z">
          <reporter-output>
          </reporter-output>
        </test-method> <!-- Demo -->
        <test-method status="PASS" signature="SecondTest()[pri:0, instance:com.kesav.TestNg.Demo1@59fa1d9b]" name="SecondTest" duration-ms="8" started-at="2020-08-06T05:29:49Z" finished-at="2020-08-06T05:29:49Z">
          <reporter-output>
          </reporter-output>
        </test-method> <!-- SecondTest -->
      </class> <!-- com.kesav.TestNg.Demo1 -->
    </test> <!-- Default test -->
  </suite> <!-- Default suite -->
</testng-results>
