<?xml version="1.0" encoding="UTF-8"?>
<!-- Generated by org.testng.reporters.JUnitXMLReporter -->
<testsuite hostname="DESKTOP-U7MG1A9" ignored="0" name="Test" tests="2" failures="0" timestamp="21 Aug 2020 06:37:55 GMT" time="25.182" errors="0">
  <testcase name="LaunchCreateAccountPage" time="22.451" classname="com.kesav.TestCases.CreateAccountPageDataProviderExcel"/>
  <testcase name="Credentials" time="0.935" classname="com.kesav.TestCases.CreateAccountPageDataProviderExcel"/>
</testsuite> <!-- Test -->
