<?xml version="1.0" encoding="UTF-8"?>
<testng-results skipped="0" failed="0" ignored="0" total="4" passed="4">
  <reporter-output>
  </reporter-output>
  <suite name="Suite" duration-ms="99" started-at="2020-08-20T15:13:44 IST" finished-at="2020-08-20T15:13:44 IST">
    <groups>
    </groups>
    <test name="Test" duration-ms="99" started-at="2020-08-20T15:13:44 IST" finished-at="2020-08-20T15:13:44 IST">
      <class name="amazTest.MavenJava1.AppiumTest">
        <test-method status="PASS" signature="IOSApps()[pri:0, instance:amazTest.MavenJava1.AppiumTest@335eadca]" name="IOSApps" duration-ms="1" started-at="2020-08-20T15:13:44 IST" finished-at="2020-08-20T15:13:44 IST">
          <reporter-output>
          </reporter-output>
        </test-method> <!-- IOSApps -->
        <test-method status="PASS" signature="NativeAppAndroid()[pri:0, instance:amazTest.MavenJava1.AppiumTest@335eadca]" name="NativeAppAndroid" duration-ms="1" started-at="2020-08-20T15:13:44 IST" finished-at="2020-08-20T15:13:44 IST">
          <reporter-output>
          </reporter-output>
        </test-method> <!-- NativeAppAndroid -->
      </class> <!-- amazTest.MavenJava1.AppiumTest -->
      <class name="amazTest.MavenJava1.ApiTest">
        <test-method status="PASS" signature="DeleteTest()[pri:0, instance:amazTest.MavenJava1.ApiTest@67784306]" name="DeleteTest" duration-ms="8" started-at="2020-08-20T15:13:44 IST" finished-at="2020-08-20T15:13:44 IST">
          <reporter-output>
          </reporter-output>
        </test-method> <!-- DeleteTest -->
        <test-method status="PASS" signature="PostJira()[pri:0, instance:amazTest.MavenJava1.ApiTest@67784306]" name="PostJira" duration-ms="1" started-at="2020-08-20T15:13:44 IST" finished-at="2020-08-20T15:13:44 IST">
          <reporter-output>
          </reporter-output>
        </test-method> <!-- PostJira -->
      </class> <!-- amazTest.MavenJava1.ApiTest -->
    </test> <!-- Test -->
  </suite> <!-- Suite -->
</testng-results>
