<?xml version="1.0" encoding="UTF-8"?>
<!-- Generated by org.testng.reporters.JUnitXMLReporter -->
<testsuite hostname="DESKTOP-U7MG1A9" ignored="0" name="Default test" tests="3" failures="0" timestamp="08 Aug 2020 09:16:56 GMT" time="81.719" errors="0">
  <testcase name="Browser" time="18.686" classname="TestCases.LoginApplication"/>
  <testcase name="Login" time="41.131" classname="TestCases.LoginApplication"/>
  <testcase name="Home" time="21.51" classname="TestCases.LoginApplication"/>
</testsuite> <!-- Default test -->
