<?xml version="1.0" encoding="UTF-8"?>
<!-- Generated by org.testng.reporters.JUnitXMLReporter -->
<testsuite hostname="DESKTOP-U7MG1A9" ignored="0" name="Test" tests="9" failures="0" timestamp="10 Aug 2020 07:56:43 GMT" time="132.166" errors="0">
  <testcase name="LaunchLogin" time="29.105" classname="com.kesav.TestCases.SigninPage"/>
  <testcase name="LoginPage" time="11.133" classname="com.kesav.TestCases.SigninPage"/>
  <testcase name="ConditionPage" time="6.601" classname="com.kesav.TestCases.SigninPage"/>
  <testcase name="NoticePage" time="3.428" classname="com.kesav.TestCases.SigninPage"/>
  <testcase name="LaunchCreateAccountPage" time="38.127" classname="com.kesav.TestCases.CreateAccountPage"/>
  <testcase name="CreateAccount" time="5.925" classname="com.kesav.TestCases.CreateAccountPage"/>
  <testcase name="LaunchHomePage" time="17.033" classname="com.kesav.TestCases.HomePage"/>
  <testcase name="SignInDropDown" time="2.431" classname="com.kesav.TestCases.HomePage"/>
  <testcase name="LanguageDropDown" time="17.972" classname="com.kesav.TestCases.HomePage"/>
</testsuite> <!-- Test -->
