<?xml version="1.0" encoding="UTF-8"?>
<testng-results skipped="0" failed="0" ignored="0" total="1" passed="1">
  <reporter-output>
  </reporter-output>
  <suite name="Surefire suite" duration-ms="45189" started-at="2020-09-23T16:22:58 IST" finished-at="2020-09-23T16:23:43 IST">
    <groups>
    </groups>
    <test name="Surefire test" duration-ms="45189" started-at="2020-09-23T16:22:58 IST" finished-at="2020-09-23T16:23:43 IST">
      <class name="Cucumber.Automation.AppTest">
        <test-method status="PASS" signature="testApp()" name="testApp" duration-ms="85" started-at="2020-09-23T16:22:58 IST" finished-at="2020-09-23T16:22:58 IST">
          <reporter-output>
          </reporter-output>
        </test-method> <!-- testApp -->
      </class> <!-- Cucumber.Automation.AppTest -->
    </test> <!-- Surefire test -->
  </suite> <!-- Surefire suite -->
</testng-results>
