<?xml version="1.0" encoding="UTF-8"?>
<!-- Generated by org.testng.reporters.JUnitXMLReporter -->
<testsuite hostname="DESKTOP-U7MG1A9" ignored="3" name="Car Loan" tests="1" failures="0" timestamp="07 Aug 2020 06:10:26 GMT" time="0.008" errors="0">
  <testcase name="WebLoginCarLoan" time="0.003" classname="com.kesav.TestNg.Demo3"/>
  <testcase name="MobileSignUpCarLoan" time="0.0" classname="com.kesav.TestNg.Demo3">
    <ignored/>
  </testcase> <!-- MobileSignUpCarLoan -->
  <testcase name="MobileSigninCarLoan" time="0.0" classname="com.kesav.TestNg.Demo3">
    <ignored/>
  </testcase> <!-- MobileSigninCarLoan -->
  <testcase name="MobileLoginCarLoan" time="0.0" classname="com.kesav.TestNg.Demo3">
    <ignored/>
  </testcase> <!-- MobileLoginCarLoan -->
</testsuite> <!-- Car Loan -->
