<?xml version="1.0" encoding="UTF-8"?>
<!-- Generated by org.testng.reporters.JUnitXMLReporter -->
<testsuite hostname="DESKTOP-U7MG1A9" ignored="1" name="Personal Loan" tests="4" failures="0" timestamp="07 Aug 2020 06:10:26 GMT" time="0.114" errors="0">
  <testcase name="ploan" time="0.01" classname="com.kesav.TestNg.Demo2"/>
  <testcase name="LoginApiCarHome" time="0.003" classname="com.kesav.TestNg.Demo4"/>
  <testcase name="MobileLoginCarHome" time="0.005" classname="com.kesav.TestNg.Demo4"/>
  <testcase name="WebLoginCarHome" time="0.004" classname="com.kesav.TestNg.Demo4"/>
  <testcase name="SecondTest" time="0.0" classname="com.kesav.TestNg.Demo1">
    <ignored/>
  </testcase> <!-- SecondTest -->
</testsuite> <!-- Personal Loan -->
