<?xml version="1.0" encoding="UTF-8"?>
<!-- Generated by org.testng.reporters.JUnitXMLReporter -->
<testsuite hostname="DESKTOP-U7MG1A9" ignored="1" name="Test 2" tests="2" failures="0" timestamp="02 Sep 2020 12:01:06 GMT" time="59.257" errors="0">
  <testcase name="@BeforeClass LaunchSite" time="4.212" classname="com.kesav.TestCases.BaseTest">
    <failure type="java.lang.NullPointerException">
      <![CDATA[java.lang.NullPointerException
	at com.kesav.TestCases.BaseTest.LaunchSite(BaseTest.java:63)
... Removed 25 stack frames]]>
    </failure>
  </testcase> <!-- @BeforeClass LaunchSite -->
  <testcase name="@AfterClass Close" time="0.0" classname="com.kesav.TestCases.BaseTest">
    <skipped/>
  </testcase> <!-- @AfterClass Close -->
  <testcase name="sonyTvOrder" time="25.215" classname="com.kesav.TestCases.TvOrder"/>
  <testcase name="prestigeProductOrder" time="0.0" classname="com.kesav.TestCases.PrestigeOrder">
    <skipped/>
  </testcase> <!-- prestigeProductOrder -->
  <testcase name="@BeforeSuite SetupSuite" time="0.0" classname="com.kesav.TestCases.BaseTest">
    <ignored/>
  </testcase> <!-- @BeforeSuite SetupSuite -->
</testsuite> <!-- Test 2 -->
