<?xml version="1.0" encoding="UTF-8"?>
<!-- Generated by org.testng.reporters.JUnitXMLReporter -->
<testsuite hostname="DESKTOP-U7MG1A9" ignored="1" name="Test" tests="2" failures="2" timestamp="08 Aug 2020 08:19:10 GMT" time="0.251" errors="0">
  <testcase name="Login" time="0.149" classname="TestCases.LoginApplication">
    <failure type="java.lang.NullPointerException">
      <![CDATA[java.lang.NullPointerException
	at org.openqa.selenium.support.pagefactory.DefaultElementLocator.findElement(DefaultElementLocator.java:69)
	at org.openqa.selenium.support.pagefactory.internal.LocatingElementHandler.invoke(LocatingElementHandler.java:38)
	at com.sun.proxy.$Proxy7.sendKeys(Unknown Source)
	at TestCases.LoginApplication.Login(LoginApplication.java:46)
... Removed 25 stack frames]]>
    </failure>
  </testcase> <!-- Login -->
  <testcase name="Home" time="0.019" classname="TestCases.LoginApplication">
    <failure type="java.lang.NullPointerException">
      <![CDATA[java.lang.NullPointerException
	at TestCases.LoginApplication.Home(LoginApplication.java:57)
... Removed 25 stack frames]]>
    </failure>
  </testcase> <!-- Home -->
  <testcase name="Browser" time="0.0" classname="TestCases.LoginApplication">
    <ignored/>
  </testcase> <!-- Browser -->
</testsuite> <!-- Test -->
