<?xml version="1.0" encoding="UTF-8"?>
<!-- Generated by org.testng.reporters.JUnitXMLReporter -->
<testsuite hostname="DESKTOP-U7MG1A9" ignored="1" name="Car Loan" tests="1" failures="0" timestamp="06 Aug 2020 07:44:46 GMT" time="0.006" errors="0">
  <testcase name="MobLoginCarLoan" time="0.002" classname="com.kesav.TestNg.Demo3"/>
  <testcase name="WebLoginCarLoan" time="0.0" classname="com.kesav.TestNg.Demo3">
    <ignored/>
  </testcase> <!-- WebLoginCarLoan -->
</testsuite> <!-- Car Loan -->
