<?xml version="1.0" encoding="UTF-8"?>
<!-- Generated by org.testng.reporters.JUnitXMLReporter -->
<testsuite hostname="DESKTOP-U7MG1A9" ignored="0" name="Test" tests="5" failures="0" timestamp="06 Aug 2020 07:44:46 GMT" time="0.087" errors="0">
  <testcase name="Demo" time="0.016" classname="com.kesav.TestNg.Demo1"/>
  <testcase name="SecondTest" time="0.004" classname="com.kesav.TestNg.Demo1"/>
  <testcase name="ploan" time="0.004" classname="com.kesav.TestNg.Demo2"/>
  <testcase name="MobLoginCarLoan" time="0.003" classname="com.kesav.TestNg.Demo4"/>
  <testcase name="WebLoginCarLoan" time="0.003" classname="com.kesav.TestNg.Demo4"/>
</testsuite> <!-- Test -->
